2026-02-06 19:08:22: ⚠ Invalid next.config.ts options detected: 
2026-02-06 19:08:22: ⚠     Unrecognized key(s) in object: 'trustHostHeader' at "experimental"
2026-02-06 19:08:22: ⚠ See more info here: https://nextjs.org/docs/messages/invalid-next-config
2026-02-06 19:08:22: Error: Could not find a production build in the '.next' directory. Try building your app with 'next build' before starting the production server. https://nextjs.org/docs/messages/production-start-no-build-id
2026-02-06 19:08:22:     at ignore-listed frames
2026-02-06 19:08:22: ⚠ Invalid next.config.ts options detected: 
2026-02-06 19:08:22: ⚠     Unrecognized key(s) in object: 'trustHostHeader' at "experimental"
2026-02-06 19:08:22: ⚠ See more info here: https://nextjs.org/docs/messages/invalid-next-config
2026-02-06 19:08:22: Error: Could not find a production build in the '.next' directory. Try building your app with 'next build' before starting the production server. https://nextjs.org/docs/messages/production-start-no-build-id
2026-02-06 19:08:22:     at ignore-listed frames
2026-02-06 19:08:23: ⚠ Invalid next.config.ts options detected: 
2026-02-06 19:08:23: ⚠     Unrecognized key(s) in object: 'trustHostHeader' at "experimental"
2026-02-06 19:08:23: ⚠ See more info here: https://nextjs.org/docs/messages/invalid-next-config
2026-02-06 19:08:23: Error: Could not find a production build in the '.next' directory. Try building your app with 'next build' before starting the production server. https://nextjs.org/docs/messages/production-start-no-build-id
2026-02-06 19:08:23:     at ignore-listed frames
2026-02-06 19:08:24: ⚠ Invalid next.config.ts options detected: 
2026-02-06 19:08:24: ⚠     Unrecognized key(s) in object: 'trustHostHeader' at "experimental"
2026-02-06 19:08:24: ⚠ See more info here: https://nextjs.org/docs/messages/invalid-next-config
2026-02-06 19:08:24: Error: Could not find a production build in the '.next' directory. Try building your app with 'next build' before starting the production server. https://nextjs.org/docs/messages/production-start-no-build-id
2026-02-06 19:08:24:     at ignore-listed frames
2026-02-06 19:08:24: ⚠ Invalid next.config.ts options detected: 
2026-02-06 19:08:24: ⚠     Unrecognized key(s) in object: 'trustHostHeader' at "experimental"
2026-02-06 19:08:24: ⚠ See more info here: https://nextjs.org/docs/messages/invalid-next-config
2026-02-06 19:08:24: Error: Could not find a production build in the '.next' directory. Try building your app with 'next build' before starting the production server. https://nextjs.org/docs/messages/production-start-no-build-id
2026-02-06 19:08:24:     at ignore-listed frames
2026-02-06 19:08:25: ⚠ Invalid next.config.ts options detected: 
2026-02-06 19:08:25: ⚠     Unrecognized key(s) in object: 'trustHostHeader' at "experimental"
2026-02-06 19:08:25: ⚠ See more info here: https://nextjs.org/docs/messages/invalid-next-config
2026-02-06 19:08:25: Error: Could not find a production build in the '.next' directory. Try building your app with 'next build' before starting the production server. https://nextjs.org/docs/messages/production-start-no-build-id
2026-02-06 19:08:25:     at ignore-listed frames
2026-02-06 19:08:25: ⚠ Invalid next.config.ts options detected: 
2026-02-06 19:08:25: ⚠     Unrecognized key(s) in object: 'trustHostHeader' at "experimental"
2026-02-06 19:08:25: ⚠ See more info here: https://nextjs.org/docs/messages/invalid-next-config
2026-02-06 19:08:25: Error: Could not find a production build in the '.next' directory. Try building your app with 'next build' before starting the production server. https://nextjs.org/docs/messages/production-start-no-build-id
2026-02-06 19:08:25:     at ignore-listed frames
2026-02-06 19:08:26: ⚠ Invalid next.config.ts options detected: 
2026-02-06 19:08:26: ⚠     Unrecognized key(s) in object: 'trustHostHeader' at "experimental"
2026-02-06 19:08:26: ⚠ See more info here: https://nextjs.org/docs/messages/invalid-next-config
2026-02-06 19:08:26: Error: Could not find a production build in the '.next' directory. Try building your app with 'next build' before starting the production server. https://nextjs.org/docs/messages/production-start-no-build-id
2026-02-06 19:08:26:     at ignore-listed frames
2026-02-06 19:08:26: ⚠ Invalid next.config.ts options detected: 
2026-02-06 19:08:26: ⚠     Unrecognized key(s) in object: 'trustHostHeader' at "experimental"
2026-02-06 19:08:26: ⚠ See more info here: https://nextjs.org/docs/messages/invalid-next-config
2026-02-06 19:08:26: Error: Could not find a production build in the '.next' directory. Try building your app with 'next build' before starting the production server. https://nextjs.org/docs/messages/production-start-no-build-id
2026-02-06 19:08:26:     at ignore-listed frames
2026-02-06 19:08:27: ⚠ Invalid next.config.ts options detected: 
2026-02-06 19:08:27: ⚠     Unrecognized key(s) in object: 'trustHostHeader' at "experimental"
2026-02-06 19:08:27: ⚠ See more info here: https://nextjs.org/docs/messages/invalid-next-config
2026-02-06 19:08:27: Error: Could not find a production build in the '.next' directory. Try building your app with 'next build' before starting the production server. https://nextjs.org/docs/messages/production-start-no-build-id
2026-02-06 19:08:27:     at ignore-listed frames
